<?xml version="1.0" encoding="UTF-8"?>
<!-- Generated by org.testng.reporters.JUnitReportReporter -->
<testsuite hostname="LAPTOP-5F2382P0" failures="0" tests="4" name="api.test.UserTests" time="10.051" errors="0" timestamp="2024-10-18T15:23:43 IST" skipped="0">
  <testcase classname="api.test.UserTests" name="testPostUser" time="3.760"/>
  <testcase classname="api.test.UserTests" name="testGetUserByName" time="1.705"/>
  <testcase classname="api.test.UserTests" name="testUpdateUser" time="3.018"/>
  <testcase classname="api.test.UserTests" name="testDeleteUserByName" time="1.568"/>
</testsuite> <!-- api.test.UserTests -->
