<?xml version="1.0" encoding="UTF-8"?>
<!-- Generated by org.testng.reporters.JUnitReportReporter -->
<testsuite hostname="LAPTOP-5F2382P0" failures="0" tests="4" name="api.test.UserTests2" time="10.303" errors="0" timestamp="2024-10-18T16:33:07 IST" skipped="0">
  <testcase classname="api.test.UserTests2" name="testPostUser" time="3.573"/>
  <testcase classname="api.test.UserTests2" name="testGetUserByName" time="1.744"/>
  <testcase classname="api.test.UserTests2" name="testUpdateUser" time="3.573"/>
  <testcase classname="api.test.UserTests2" name="testDeleteUserByName" time="1.413"/>
</testsuite> <!-- api.test.UserTests2 -->
